-------------------------------------------------------------------------------
Test set: conduitApp.ConduitTest
-------------------------------------------------------------------------------
Tests run: 2, Failures: 2, Errors: 0, Skipped: 0, Time elapsed: 54.417 s <<< FAILURE! - in conduitApp.ConduitTest
testSample[1][1]  Time elapsed: 35.439 s  <<< FAILURE!
org.opentest4j.AssertionFailedError: 
http call failed after 30029 milliseconds for url: http://conduit.productionready.io/api/tags
classpath:conduitApp/feature/HomePage.feature:10

testSample[1][2]  Time elapsed: 17.853 s  <<< FAILURE!
org.opentest4j.AssertionFailedError: 
match failed: EACH_EQUALS
  $ | match each failed at index 0 (LIST:MAP)
  [{"title":"sdftrsdf","slug":"sdftrsdf-bl0rhq","body":"sdfsdf","createdAt":"2021-09-06T19:25:27.859Z","updatedAt":"2021-09-06T19:25:27.859Z","tagList":["sdfsdfdsf"],"description":"sdfdsf","author":{"username":"iamellythedog","bio":null,"image":"https://static.productionready.io/images/smiley-cyrus.jpg","following":false},"favorited":false,"favoritesCount":0},{"title":"a","slug":"a-hlyf1l","body":"d","createdAt":"2021-09-06T19:22:54.644Z","updatedAt":"2021-09-06T19:22:54.644Z","tagList":["a"],"description":"s","author":{"username":"iamellythedog","bio":null,"image":"https://static.productionready.io/images/smiley-cyrus.jpg","following":false},"favorited":false,"favoritesCount":0},{"title":"asd","slug":"asd-mz87j2","body":"asdasd","createdAt":"2021-09-06T19:22:24.252Z","updatedAt":"2021-09-06T19:22:24.252Z","tagList":["asdasd"],"description":"asdasd","author":{"username":"iamellythedog","bio":null,"image":"https://static.productionready.io/images/smiley-cyrus.jpg","following":false},"favorited":false,"favoritesCount":0},{"title":"Grupo Primo","slug":"grupo-primo-4h3h7j","body":"Follow @thiago.nigro on Instagram","createdAt":"2021-09-06T19:15:42.253Z","updatedAt":"2021-09-06T19:15:42.253Z","tagList":[],"description":"Best investment and entrepreneur content","author":{"username":"Grupo Primo","bio":null,"image":"https://static.productionready.io/images/smiley-cyrus.jpg","following":false},"favorited":false,"favoritesCount":0},{"title":"someArticle","slug":"somearticle-j3ffee","body":"TEst","createdAt":"2021-09-06T19:11:17.080Z","updatedAt":"2021-09-06T19:11:17.080Z","tagList":[],"description":"Test","author":{"username":"SilverRings","bio":null,"image":"https://static.productionready.io/images/smiley-cyrus.jpg","following":false},"favorited":false,"favoritesCount":0},{"title":"Raynald Westerling","slug":"raynald-westerling-1euuah","body":"Fear cuts deeper than swords.","createdAt":"2021-09-06T19:05:30.346Z","updatedAt":"2021-09-06T19:05:30.346Z","tagList":[],"description":"Myr","author":{"username":"dev112my","bio":null,"image":"https://static.productionready.io/images/smiley-cyrus.jpg","following":false},"favorited":false,"favoritesCount":0},{"title":"someArticle","slug":"somearticle-wnb1cf","body":"TEst","createdAt":"2021-09-06T19:02:31.633Z","updatedAt":"2021-09-06T19:02:31.633Z","tagList":[],"description":"Test","author":{"username":"SilverRings","bio":null,"image":"https://static.productionready.io/images/smiley-cyrus.jpg","following":false},"favorited":false,"favoritesCount":0},{"title":"someArticle","slug":"somearticle-cdkiax","body":"TEst","createdAt":"2021-09-06T19:00:13.887Z","updatedAt":"2021-09-06T19:00:13.887Z","tagList":[],"description":"Test","author":{"username":"SilverRings","bio":null,"image":"https://static.productionready.io/images/smiley-cyrus.jpg","following":false},"favorited":false,"favoritesCount":0},{"title":"someArticle","slug":"somearticle-ql7gif","body":"TEst","createdAt":"2021-09-06T18:56:24.528Z","updatedAt":"2021-09-06T18:56:24.528Z","tagList":[],"description":"Test","author":{"username":"SilverRings","bio":null,"image":"https://static.productionready.io/images/smiley-cyrus.jpg","following":false},"favorited":false,"favoritesCount":0},{"title":"someArticle","slug":"somearticle-ju9dy9","body":"TEst","createdAt":"2021-09-06T18:55:05.791Z","updatedAt":"2021-09-06T18:55:05.791Z","tagList":[],"description":"Test","author":{"username":"SilverRings","bio":null,"image":"https://static.productionready.io/images/smiley-cyrus.jpg","following":false},"favorited":false,"favoritesCount":0}]
  {"title":"#string","slug":"#string","body":"#string","//\"createdAt\"":"#? isValueTime(_)","//\"updatedAt\"":"#? isValueTime(_)","tagList":"#array","description":"#string","author":{"username":"#string","bio":"##string","image":"#string","following":"#boolean"},"favourited":"#boolean","favouritesCount":"#number"}

    $[0] | not equal | actual does not contain key - '//"createdAt"' (MAP:MAP)
    {"title":"sdftrsdf","slug":"sdftrsdf-bl0rhq","body":"sdfsdf","createdAt":"2021-09-06T19:25:27.859Z","updatedAt":"2021-09-06T19:25:27.859Z","tagList":["sdfsdfdsf"],"description":"sdfdsf","author":{"username":"iamellythedog","bio":null,"image":"https://static.productionready.io/images/smiley-cyrus.jpg","following":false},"favorited":false,"favoritesCount":0}
    {"title":"#string","slug":"#string","body":"#string","tagList":"#array","description":"#string","author":{"username":"#string","bio":"##string","image":"#string","following":"#boolean"},"//\"createdAt\"":"#? isValueTime(_)","//\"updatedAt\"":"#? isValueTime(_)","favourited":"#boolean","favouritesCount":"#number"}


classpath:conduitApp/feature/HomePage.feature:38

