<?xml version="1.0" encoding="UTF-8"?>
<testsuite xmlns:xsi="http://www.w3.org/2001/XMLSchema-instance" xsi:noNamespaceSchemaLocation="https://maven.apache.org/surefire/maven-surefire-plugin/xsd/surefire-test-report.xsd" name="conduitApp.ConduitTest" time="86.331" tests="4" errors="0" skipped="0" failures="4">
  <properties>
[...]
</properties>
  <testcase name="testAll[1][1]" classname="conduitApp.ConduitTest" time="10.44">
    <failure message="status code was: 503, expected: 200, response time in milliseconds: 1048, url: https://conduit.productionready.io/api/users/login, response: &#10;&lt;h1&gt;This website is under heavy load&lt;/h1&gt;&lt;p&gt;We&apos;re sorry, too many people are accessing this website at the same time. We&apos;re working on this problem. Please try again later.&lt;/p&gt;&#10;classpath:helpers/CreateToken.feature:9&#10;classpath:conduitApp/feature/Articles.feature:5" type="org.opentest4j.AssertionFailedError"><![CDATA[org.opentest4j.AssertionFailedError: 
status code was: 503, expected: 200, response time in milliseconds: 1048, url: https://conduit.productionready.io/api/users/login, response: 
<h1>This website is under heavy load</h1><p>We're sorry, too many people are accessing this website at the same time. We're working on this problem. Please try again later.</p>
classpath:helpers/CreateToken.feature:9
classpath:conduitApp/feature/Articles.feature:5
]]></failure>
    <system-out><![CDATA[14:06:01.002 [main] DEBUG com.intuit.karate.Suite - [config] classpath:karate-config.js
14:06:04.927 [main] INFO  com.intuit.karate - karate.env system property was: null 
14:06:05.113 [main] INFO  com.intuit.karate - >> lock acquired, begin callonce: read('classpath:helpers/CreateToken.feature')
14:06:07.495 [main] DEBUG com.intuit.karate - request:
1 > POST https://conduit.productionready.io/api/users/login
1 > Content-Type: application/json; charset=UTF-8
1 > Content-Length: 70
1 > Host: conduit.productionready.io
1 > Connection: Keep-Alive
1 > User-Agent: Apache-HttpClient/4.5.13 (Java/1.8.0_291)
1 > Accept-Encoding: gzip,deflate
{"user":{"email":"jackbuzzhealy1996@gmail.com","password":"password"}}

14:06:08.546 [main] DEBUG com.intuit.karate - response time in milliseconds: 1048
1 < 503
1 < Date: Wed, 01 Sep 2021 13:06:08 GMT
1 < Content-Type: text/html; charset=UTF-8
1 < Transfer-Encoding: chunked
1 < Connection: keep-alive
1 < cache-control: no-cache, no-store, must-revalidate
1 < status: 503 Service Unavailable
1 < CF-Cache-Status: DYNAMIC
1 < Expect-CT: max-age=604800, report-uri="https://report-uri.cloudflare.com/cdn-cgi/beacon/expect-ct"
1 < Report-To: {"endpoints":[{"url":"https:\/\/a.nel.cloudflare.com\/report\/v3?s=ylnggNChdbnBbD3BBb5ZipMVy%2BJRa2ebOQBb%2FsQAgikb5Hl37fyhrNmN9bkg%2B591Lcm3FHCVZ16Mu2F2SraBBfT1jLHV23ziNTocm5epEdxCqVkDTOiXCHqekuvT7klZWCzNhkLuWmRi3PScKA%3D%3D"}],"group":"cf-nel","max_age":604800}
1 < NEL: {"success_fraction":0,"report_to":"cf-nel","max_age":604800}
1 < Server: cloudflare
1 < CF-RAY: 687eb6d05f0ae64c-LHR
1 < alt-svc: h3-27=":443"; ma=86400, h3-28=":443"; ma=86400, h3-29=":443"; ma=86400, h3=":443"; ma=86400
<h1>This website is under heavy load</h1><p>We're sorry, too many people are accessing this website at the same time. We're working on this problem. Please try again later.</p>
14:06:08.552 [main] ERROR com.intuit.karate - classpath:helpers/CreateToken.feature:9
Then status 200
status code was: 503, expected: 200, response time in milliseconds: 1048, url: https://conduit.productionready.io/api/users/login, response: 
<h1>This website is under heavy load</h1><p>We're sorry, too many people are accessing this website at the same time. We're working on this problem. Please try again later.</p>
classpath:helpers/CreateToken.feature:9
14:06:08.554 [main] ERROR com.intuit.karate - classpath:conduitApp/feature/Articles.feature:5
* def tokenResponse = callonce read('classpath:helpers/CreateToken.feature')
status code was: 503, expected: 200, response time in milliseconds: 1048, url: https://conduit.productionready.io/api/users/login, response: 
<h1>This website is under heavy load</h1><p>We're sorry, too many people are accessing this website at the same time. We're working on this problem. Please try again later.</p>
classpath:helpers/CreateToken.feature:9
classpath:conduitApp/feature/Articles.feature:5
---------------------------------------------------------
feature: classpath:conduitApp/feature/Articles.feature
scenarios:  1 | passed:  0 | failed:  1 | time: 3.4731
---------------------------------------------------------

]]></system-out>
  </testcase>
  <testcase name="testAll[2][1]" classname="conduitApp.ConduitTest" time="30.968">
    <failure message="http call failed after 30178 milliseconds for url: https://conduit.productionready.io/api/users/login&#10;classpath:helpers/CreateToken.feature:8&#10;classpath:conduitApp/feature/DeleteArticle.feature:5" type="org.opentest4j.AssertionFailedError">org.opentest4j.AssertionFailedError: 
http call failed after 30178 milliseconds for url: https://conduit.productionready.io/api/users/login
classpath:helpers/CreateToken.feature:8
classpath:conduitApp/feature/DeleteArticle.feature:5
</failure>
    <system-out><![CDATA[14:06:11.626 [main] INFO  com.intuit.karate - karate.env system property was: null 
14:06:11.637 [main] INFO  com.intuit.karate - >> lock acquired, begin callonce: read('classpath:helpers/CreateToken.feature')
14:06:11.673 [main] DEBUG com.intuit.karate - request:
1 > POST https://conduit.productionready.io/api/users/login
1 > Content-Type: application/json; charset=UTF-8
1 > Content-Length: 70
1 > Host: conduit.productionready.io
1 > Connection: Keep-Alive
1 > User-Agent: Apache-HttpClient/4.5.13 (Java/1.8.0_291)
1 > Accept-Encoding: gzip,deflate
{"user":{"email":"jackbuzzhealy1996@gmail.com","password":"password"}}

14:06:41.849 [main] ERROR com.intuit.karate - java.net.SocketTimeoutException: Read timed out, http call failed after 30178 milliseconds for url: https://conduit.productionready.io/api/users/login
14:06:41.850 [main] ERROR com.intuit.karate - classpath:helpers/CreateToken.feature:8
When method POST
http call failed after 30178 milliseconds for url: https://conduit.productionready.io/api/users/login
classpath:helpers/CreateToken.feature:8
14:06:41.851 [main] ERROR com.intuit.karate - classpath:conduitApp/feature/DeleteArticle.feature:5
* def tokenResponse = callonce read('classpath:helpers/CreateToken.feature')
http call failed after 30178 milliseconds for url: https://conduit.productionready.io/api/users/login
classpath:helpers/CreateToken.feature:8
classpath:conduitApp/feature/DeleteArticle.feature:5
---------------------------------------------------------
feature: classpath:conduitApp/feature/DeleteArticle.feature
scenarios:  1 | passed:  0 | failed:  1 | time: 30.2209
---------------------------------------------------------

]]></system-out>
  </testcase>
  <testcase name="testAll[3][1]" classname="conduitApp.ConduitTest" time="5.78">
    <failure message="status code was: 503, expected: 200, response time in milliseconds: 510, url: https://conduit.productionready.io/api/users/login, response: &#10;&lt;h1&gt;This website is under heavy load&lt;/h1&gt;&lt;p&gt;We&apos;re sorry, too many people are accessing this website at the same time. We&apos;re working on this problem. Please try again later.&lt;/p&gt;&#10;classpath:helpers/CreateToken.feature:9&#10;classpath:conduitApp/feature/HomePage.feature:5" type="org.opentest4j.AssertionFailedError"><![CDATA[org.opentest4j.AssertionFailedError: 
status code was: 503, expected: 200, response time in milliseconds: 510, url: https://conduit.productionready.io/api/users/login, response: 
<h1>This website is under heavy load</h1><p>We're sorry, too many people are accessing this website at the same time. We're working on this problem. Please try again later.</p>
classpath:helpers/CreateToken.feature:9
classpath:conduitApp/feature/HomePage.feature:5
]]></failure>
    <system-out><![CDATA[14:06:42.492 [main] INFO  com.intuit.karate - karate.env system property was: null 
14:06:42.501 [main] INFO  com.intuit.karate - >> lock acquired, begin callonce: read('classpath:helpers/CreateToken.feature')
14:06:42.544 [main] DEBUG com.intuit.karate - request:
1 > POST https://conduit.productionready.io/api/users/login
1 > Content-Type: application/json; charset=UTF-8
1 > Content-Length: 70
1 > Host: conduit.productionready.io
1 > Connection: Keep-Alive
1 > User-Agent: Apache-HttpClient/4.5.13 (Java/1.8.0_291)
1 > Accept-Encoding: gzip,deflate
{"user":{"email":"jackbuzzhealy1996@gmail.com","password":"password"}}

14:06:43.054 [main] DEBUG com.intuit.karate - response time in milliseconds: 510
1 < 503
1 < Date: Wed, 01 Sep 2021 13:06:42 GMT
1 < Content-Type: text/html; charset=UTF-8
1 < Transfer-Encoding: chunked
1 < Connection: keep-alive
1 < cache-control: no-cache, no-store, must-revalidate
1 < status: 503 Service Unavailable
1 < CF-Cache-Status: DYNAMIC
1 < Expect-CT: max-age=604800, report-uri="https://report-uri.cloudflare.com/cdn-cgi/beacon/expect-ct"
1 < Report-To: {"endpoints":[{"url":"https:\/\/a.nel.cloudflare.com\/report\/v3?s=sr4LPBPsH%2F%2BypLz%2BPuW7luiXA4zhHXCARRTr0kTePh%2FvP44odGvYaAkYCweEEQl3ILlqpf8%2BZiU58qLgAVyfPBmx6Hzb76ht0Rq%2B9vuVK5pM21lTOuhBLfzy0EHYGlerJGOt3UGWUnUapBsRtg%3D%3D"}],"group":"cf-nel","max_age":604800}
1 < NEL: {"success_fraction":0,"report_to":"cf-nel","max_age":604800}
1 < Server: cloudflare
1 < CF-RAY: 687eb7a7fb94002a-LHR
1 < alt-svc: h3-27=":443"; ma=86400, h3-28=":443"; ma=86400, h3-29=":443"; ma=86400, h3=":443"; ma=86400
<h1>This website is under heavy load</h1><p>We're sorry, too many people are accessing this website at the same time. We're working on this problem. Please try again later.</p>
14:06:43.057 [main] ERROR com.intuit.karate - classpath:helpers/CreateToken.feature:9
Then status 200
status code was: 503, expected: 200, response time in milliseconds: 510, url: https://conduit.productionready.io/api/users/login, response: 
<h1>This website is under heavy load</h1><p>We're sorry, too many people are accessing this website at the same time. We're working on this problem. Please try again later.</p>
classpath:helpers/CreateToken.feature:9
14:06:43.057 [main] ERROR com.intuit.karate - classpath:conduitApp/feature/HomePage.feature:5
* def tokenResponse = callonce read('classpath:helpers/CreateToken.feature')
status code was: 503, expected: 200, response time in milliseconds: 510, url: https://conduit.productionready.io/api/users/login, response: 
<h1>This website is under heavy load</h1><p>We're sorry, too many people are accessing this website at the same time. We're working on this problem. Please try again later.</p>
classpath:helpers/CreateToken.feature:9
classpath:conduitApp/feature/HomePage.feature:5
]]></system-out>
  </testcase>
  <testcase name="testAll[3][2]" classname="conduitApp.ConduitTest" time="36.051">
    <failure message="http call failed after 30132 milliseconds for url: https://conduit.productionready.io/api/users/login&#10;classpath:helpers/CreateToken.feature:8&#10;classpath:conduitApp/feature/HomePage.feature:5" type="org.opentest4j.AssertionFailedError">org.opentest4j.AssertionFailedError: 
http call failed after 30132 milliseconds for url: https://conduit.productionready.io/api/users/login
classpath:helpers/CreateToken.feature:8
classpath:conduitApp/feature/HomePage.feature:5
</failure>
    <system-out><![CDATA[14:06:43.067 [main] INFO  com.intuit.karate - karate.env system property was: null 
14:06:43.072 [main] INFO  com.intuit.karate - >> lock acquired, begin callonce: read('classpath:helpers/CreateToken.feature')
14:06:43.081 [main] DEBUG com.intuit.karate - request:
1 > POST https://conduit.productionready.io/api/users/login
1 > Content-Type: application/json; charset=UTF-8
1 > Content-Length: 70
1 > Host: conduit.productionready.io
1 > Connection: Keep-Alive
1 > User-Agent: Apache-HttpClient/4.5.13 (Java/1.8.0_291)
1 > Accept-Encoding: gzip,deflate
{"user":{"email":"jackbuzzhealy1996@gmail.com","password":"password"}}

14:07:13.211 [main] ERROR com.intuit.karate - java.net.SocketTimeoutException: Read timed out, http call failed after 30132 milliseconds for url: https://conduit.productionready.io/api/users/login
14:07:13.212 [main] ERROR com.intuit.karate - classpath:helpers/CreateToken.feature:8
When method POST
http call failed after 30132 milliseconds for url: https://conduit.productionready.io/api/users/login
classpath:helpers/CreateToken.feature:8
14:07:13.212 [main] ERROR com.intuit.karate - classpath:conduitApp/feature/HomePage.feature:5
* def tokenResponse = callonce read('classpath:helpers/CreateToken.feature')
http call failed after 30132 milliseconds for url: https://conduit.productionready.io/api/users/login
classpath:helpers/CreateToken.feature:8
classpath:conduitApp/feature/HomePage.feature:5
---------------------------------------------------------
feature: classpath:conduitApp/feature/HomePage.feature
scenarios:  2 | passed:  0 | failed:  2 | time: 30.7043
---------------------------------------------------------

Karate version: 1.1.0
======================================================
elapsed:  73.42 | threads:    1 | thread time: 64.40 
features:     3 | skipped:    0 | efficiency: 0.88
scenarios:    4 | passed:     0 | failed: 4
======================================================
>>> failed features:
status code was: 503, expected: 200, response time in milliseconds: 1048, url: https://conduit.productionready.io/api/users/login, response: 
<h1>This website is under heavy load</h1><p>We're sorry, too many people are accessing this website at the same time. We're working on this problem. Please try again later.</p>
classpath:helpers/CreateToken.feature:9
classpath:conduitApp/feature/Articles.feature:5
status code was: 503, expected: 200, response time in milliseconds: 510, url: https://conduit.productionready.io/api/users/login, response: 
<h1>This website is under heavy load</h1><p>We're sorry, too many people are accessing this website at the same time. We're working on this problem. Please try again later.</p>
classpath:helpers/CreateToken.feature:9
classpath:conduitApp/feature/HomePage.feature:5
http call failed after 30132 milliseconds for url: https://conduit.productionready.io/api/users/login
classpath:helpers/CreateToken.feature:8
classpath:conduitApp/feature/HomePage.feature:5
http call failed after 30178 milliseconds for url: https://conduit.productionready.io/api/users/login
classpath:helpers/CreateToken.feature:8
classpath:conduitApp/feature/DeleteArticle.feature:5
<<<

HTML report: (paste into browser to view) | Karate version: 1.1.0
file:///C:/Users/diarmuid.healy/OneDrive%20-%20Accenture/Desktop/KarateGit/Udemy/myproject/target/karate-reports/karate-summary.html
===================================================================

]]></system-out>
  </testcase>
</testsuite>