<?xml version="1.0" encoding="UTF-8"?>
<testsuite xmlns:xsi="http://www.w3.org/2001/XMLSchema-instance" xsi:noNamespaceSchemaLocation="https://maven.apache.org/surefire/maven-surefire-plugin/xsd/surefire-test-report.xsd" name="conduitApp.ConduitTest" time="54.417" tests="2" errors="0" skipped="0" failures="2">
  <properties>
[...]
</properties>
  <testcase name="testSample[1][1]" classname="conduitApp.ConduitTest" time="35.439">
    <failure message="http call failed after 30029 milliseconds for url: http://conduit.productionready.io/api/tags&#10;classpath:conduitApp/feature/HomePage.feature:10" type="org.opentest4j.AssertionFailedError">org.opentest4j.AssertionFailedError: 
http call failed after 30029 milliseconds for url: http://conduit.productionready.io/api/tags
classpath:conduitApp/feature/HomePage.feature:10
</failure>
    <system-out><![CDATA[20:39:21.598 [main] DEBUG com.intuit.karate.Suite - [config] classpath:karate-config.js
20:39:23.887 [main] INFO  com.intuit.karate - karate.env system property was: null 
20:39:24.040 [main] INFO  com.intuit.karate - >> lock acquired, begin callonce: read('classpath:helpers/CreateToken.feature')
20:39:25.807 [main] DEBUG com.intuit.karate - request:
1 > POST https://conduit.productionready.io/api/users/login
1 > Content-Type: application/json; charset=UTF-8
1 > Content-Length: 70
1 > Host: conduit.productionready.io
1 > Connection: Keep-Alive
1 > User-Agent: Apache-HttpClient/4.5.13 (Java/1.8.0_291)
1 > Accept-Encoding: gzip,deflate
{"user":{"email":"jackbuzzhealy1996@gmail.com","password":"password"}}

20:39:26.987 [main] DEBUG com.intuit.karate - response time in milliseconds: 1174
1 < 200
1 < Date: Mon, 06 Sep 2021 19:39:26 GMT
1 < Content-Type: application/json; charset=utf-8
1 < Transfer-Encoding: chunked
1 < Connection: keep-alive
1 < cache-control: max-age=0, private, must-revalidate
1 < etag: W/"e1ec0b6b63a83bd268583a55a9b095a4"
1 < status: 200 OK
1 < vary: Origin
1 < x-content-type-options: nosniff
1 < x-frame-options: SAMEORIGIN
1 < x-powered-by: Phusion Passenger 4.0.60
1 < x-request-id: 575675ba-43be-44e8-be3d-6722a06e0d47
1 < x-runtime: 0.170260
1 < x-xss-protection: 1; mode=block
1 < CF-Cache-Status: DYNAMIC
1 < Expect-CT: max-age=604800, report-uri="https://report-uri.cloudflare.com/cdn-cgi/beacon/expect-ct"
1 < Report-To: {"endpoints":[{"url":"https:\/\/a.nel.cloudflare.com\/report\/v3?s=Zc7LPZWF23casMj0xX7P8rGvyLf2jQxNRCkvoktqa0yi6Lw7p1rTn86IEgs1cWqBtDlPsozm%2B17CDdcC0hJnZUoLhemwCVkhfz3%2FoluBStrUfEMPmfkVYxirPKjCM7ce29L8iyzUJcWFzPNl%2BA%3D%3D"}],"group":"cf-nel","max_age":604800}
1 < NEL: {"success_fraction":0,"report_to":"cf-nel","max_age":604800}
1 < Server: cloudflare
1 < CF-RAY: 68aa29d21eb50676-LHR
1 < alt-svc: h3=":443"; ma=86400, h3-29=":443"; ma=86400, h3-28=":443"; ma=86400, h3-27=":443"; ma=86400
{"user":{"id":217246,"email":"jackbuzzhealy1996@gmail.com","createdAt":"2021-08-31T10:11:53.157Z","updatedAt":"2021-08-31T10:32:42.058Z","username":"jack-healy-001","bio":null,"image":null,"token":"eyJ0eXAiOiJKV1QiLCJhbGciOiJIUzI1NiJ9.eyJpZCI6MjE3MjQ2LCJ1c2VybmFtZSI6ImphY2staGVhbHktMDAxIiwiZXhwIjoxNjM2MTQxMTY2fQ.FWvuLAG7eIqqd1Yl-5atqhi9lrY5imDhVEZ9My6jAAc"}}
20:39:27.023 [main] INFO  com.intuit.karate - << lock released, cached callonce: read('classpath:helpers/CreateToken.feature')
20:39:27.052 [main] DEBUG com.intuit.karate - request:
1 > GET http://conduit.productionready.io/api/tags
1 > Host: conduit.productionready.io
1 > Connection: Keep-Alive
1 > User-Agent: Apache-HttpClient/4.5.13 (Java/1.8.0_291)
1 > Accept-Encoding: gzip,deflate


20:39:57.079 [main] ERROR com.intuit.karate - java.net.SocketTimeoutException: Read timed out, http call failed after 30029 milliseconds for url: http://conduit.productionready.io/api/tags
20:39:57.080 [main] ERROR com.intuit.karate - classpath:conduitApp/feature/HomePage.feature:10
When method Get
http call failed after 30029 milliseconds for url: http://conduit.productionready.io/api/tags
classpath:conduitApp/feature/HomePage.feature:10
]]></system-out>
  </testcase>
  <testcase name="testSample[1][2]" classname="conduitApp.ConduitTest" time="17.853">
    <failure message="match failed: EACH_EQUALS&#10;  $ | match each failed at index 0 (LIST:MAP)&#10;  [{&quot;title&quot;:&quot;sdftrsdf&quot;,&quot;slug&quot;:&quot;sdftrsdf-bl0rhq&quot;,&quot;body&quot;:&quot;sdfsdf&quot;,&quot;createdAt&quot;:&quot;2021-09-06T19:25:27.859Z&quot;,&quot;updatedAt&quot;:&quot;2021-09-06T19:25:27.859Z&quot;,&quot;tagList&quot;:[&quot;sdfsdfdsf&quot;],&quot;description&quot;:&quot;sdfdsf&quot;,&quot;author&quot;:{&quot;username&quot;:&quot;iamellythedog&quot;,&quot;bio&quot;:null,&quot;image&quot;:&quot;https://static.productionready.io/images/smiley-cyrus.jpg&quot;,&quot;following&quot;:false},&quot;favorited&quot;:false,&quot;favoritesCount&quot;:0},{&quot;title&quot;:&quot;a&quot;,&quot;slug&quot;:&quot;a-hlyf1l&quot;,&quot;body&quot;:&quot;d&quot;,&quot;createdAt&quot;:&quot;2021-09-06T19:22:54.644Z&quot;,&quot;updatedAt&quot;:&quot;2021-09-06T19:22:54.644Z&quot;,&quot;tagList&quot;:[&quot;a&quot;],&quot;description&quot;:&quot;s&quot;,&quot;author&quot;:{&quot;username&quot;:&quot;iamellythedog&quot;,&quot;bio&quot;:null,&quot;image&quot;:&quot;https://static.productionready.io/images/smiley-cyrus.jpg&quot;,&quot;following&quot;:false},&quot;favorited&quot;:false,&quot;favoritesCount&quot;:0},{&quot;title&quot;:&quot;asd&quot;,&quot;slug&quot;:&quot;asd-mz87j2&quot;,&quot;body&quot;:&quot;asdasd&quot;,&quot;createdAt&quot;:&quot;2021-09-06T19:22:24.252Z&quot;,&quot;updatedAt&quot;:&quot;2021-09-06T19:22:24.252Z&quot;,&quot;tagList&quot;:[&quot;asdasd&quot;],&quot;description&quot;:&quot;asdasd&quot;,&quot;author&quot;:{&quot;username&quot;:&quot;iamellythedog&quot;,&quot;bio&quot;:null,&quot;image&quot;:&quot;https://static.productionready.io/images/smiley-cyrus.jpg&quot;,&quot;following&quot;:false},&quot;favorited&quot;:false,&quot;favoritesCount&quot;:0},{&quot;title&quot;:&quot;Grupo Primo&quot;,&quot;slug&quot;:&quot;grupo-primo-4h3h7j&quot;,&quot;body&quot;:&quot;Follow @thiago.nigro on Instagram&quot;,&quot;createdAt&quot;:&quot;2021-09-06T19:15:42.253Z&quot;,&quot;updatedAt&quot;:&quot;2021-09-06T19:15:42.253Z&quot;,&quot;tagList&quot;:[],&quot;description&quot;:&quot;Best investment and entrepreneur content&quot;,&quot;author&quot;:{&quot;username&quot;:&quot;Grupo Primo&quot;,&quot;bio&quot;:null,&quot;image&quot;:&quot;https://static.productionready.io/images/smiley-cyrus.jpg&quot;,&quot;following&quot;:false},&quot;favorited&quot;:false,&quot;favoritesCount&quot;:0},{&quot;title&quot;:&quot;someArticle&quot;,&quot;slug&quot;:&quot;somearticle-j3ffee&quot;,&quot;body&quot;:&quot;TEst&quot;,&quot;createdAt&quot;:&quot;2021-09-06T19:11:17.080Z&quot;,&quot;updatedAt&quot;:&quot;2021-09-06T19:11:17.080Z&quot;,&quot;tagList&quot;:[],&quot;description&quot;:&quot;Test&quot;,&quot;author&quot;:{&quot;username&quot;:&quot;SilverRings&quot;,&quot;bio&quot;:null,&quot;image&quot;:&quot;https://static.productionready.io/images/smiley-cyrus.jpg&quot;,&quot;following&quot;:false},&quot;favorited&quot;:false,&quot;favoritesCount&quot;:0},{&quot;title&quot;:&quot;Raynald Westerling&quot;,&quot;slug&quot;:&quot;raynald-westerling-1euuah&quot;,&quot;body&quot;:&quot;Fear cuts deeper than swords.&quot;,&quot;createdAt&quot;:&quot;2021-09-06T19:05:30.346Z&quot;,&quot;updatedAt&quot;:&quot;2021-09-06T19:05:30.346Z&quot;,&quot;tagList&quot;:[],&quot;description&quot;:&quot;Myr&quot;,&quot;author&quot;:{&quot;username&quot;:&quot;dev112my&quot;,&quot;bio&quot;:null,&quot;image&quot;:&quot;https://static.productionready.io/images/smiley-cyrus.jpg&quot;,&quot;following&quot;:false},&quot;favorited&quot;:false,&quot;favoritesCount&quot;:0},{&quot;title&quot;:&quot;someArticle&quot;,&quot;slug&quot;:&quot;somearticle-wnb1cf&quot;,&quot;body&quot;:&quot;TEst&quot;,&quot;createdAt&quot;:&quot;2021-09-06T19:02:31.633Z&quot;,&quot;updatedAt&quot;:&quot;2021-09-06T19:02:31.633Z&quot;,&quot;tagList&quot;:[],&quot;description&quot;:&quot;Test&quot;,&quot;author&quot;:{&quot;username&quot;:&quot;SilverRings&quot;,&quot;bio&quot;:null,&quot;image&quot;:&quot;https://static.productionready.io/images/smiley-cyrus.jpg&quot;,&quot;following&quot;:false},&quot;favorited&quot;:false,&quot;favoritesCount&quot;:0},{&quot;title&quot;:&quot;someArticle&quot;,&quot;slug&quot;:&quot;somearticle-cdkiax&quot;,&quot;body&quot;:&quot;TEst&quot;,&quot;createdAt&quot;:&quot;2021-09-06T19:00:13.887Z&quot;,&quot;updatedAt&quot;:&quot;2021-09-06T19:00:13.887Z&quot;,&quot;tagList&quot;:[],&quot;description&quot;:&quot;Test&quot;,&quot;author&quot;:{&quot;username&quot;:&quot;SilverRings&quot;,&quot;bio&quot;:null,&quot;image&quot;:&quot;https://static.productionready.io/images/smiley-cyrus.jpg&quot;,&quot;following&quot;:false},&quot;favorited&quot;:false,&quot;favoritesCount&quot;:0},{&quot;title&quot;:&quot;someArticle&quot;,&quot;slug&quot;:&quot;somearticle-ql7gif&quot;,&quot;body&quot;:&quot;TEst&quot;,&quot;createdAt&quot;:&quot;2021-09-06T18:56:24.528Z&quot;,&quot;updatedAt&quot;:&quot;2021-09-06T18:56:24.528Z&quot;,&quot;tagList&quot;:[],&quot;description&quot;:&quot;Test&quot;,&quot;author&quot;:{&quot;username&quot;:&quot;SilverRings&quot;,&quot;bio&quot;:null,&quot;image&quot;:&quot;https://static.productionready.io/images/smiley-cyrus.jpg&quot;,&quot;following&quot;:false},&quot;favorited&quot;:false,&quot;favoritesCount&quot;:0},{&quot;title&quot;:&quot;someArticle&quot;,&quot;slug&quot;:&quot;somearticle-ju9dy9&quot;,&quot;body&quot;:&quot;TEst&quot;,&quot;createdAt&quot;:&quot;2021-09-06T18:55:05.791Z&quot;,&quot;updatedAt&quot;:&quot;2021-09-06T18:55:05.791Z&quot;,&quot;tagList&quot;:[],&quot;description&quot;:&quot;Test&quot;,&quot;author&quot;:{&quot;username&quot;:&quot;SilverRings&quot;,&quot;bio&quot;:null,&quot;image&quot;:&quot;https://static.productionready.io/images/smiley-cyrus.jpg&quot;,&quot;following&quot;:false},&quot;favorited&quot;:false,&quot;favoritesCount&quot;:0}]&#10;  {&quot;title&quot;:&quot;#string&quot;,&quot;slug&quot;:&quot;#string&quot;,&quot;body&quot;:&quot;#string&quot;,&quot;//\&quot;createdAt\&quot;&quot;:&quot;#? isValueTime(_)&quot;,&quot;//\&quot;updatedAt\&quot;&quot;:&quot;#? isValueTime(_)&quot;,&quot;tagList&quot;:&quot;#array&quot;,&quot;description&quot;:&quot;#string&quot;,&quot;author&quot;:{&quot;username&quot;:&quot;#string&quot;,&quot;bio&quot;:&quot;##string&quot;,&quot;image&quot;:&quot;#string&quot;,&quot;following&quot;:&quot;#boolean&quot;},&quot;favourited&quot;:&quot;#boolean&quot;,&quot;favouritesCount&quot;:&quot;#number&quot;}&#10;&#10;    $[0] | not equal | actual does not contain key - &apos;//&quot;createdAt&quot;&apos; (MAP:MAP)&#10;    {&quot;title&quot;:&quot;sdftrsdf&quot;,&quot;slug&quot;:&quot;sdftrsdf-bl0rhq&quot;,&quot;body&quot;:&quot;sdfsdf&quot;,&quot;createdAt&quot;:&quot;2021-09-06T19:25:27.859Z&quot;,&quot;updatedAt&quot;:&quot;2021-09-06T19:25:27.859Z&quot;,&quot;tagList&quot;:[&quot;sdfsdfdsf&quot;],&quot;description&quot;:&quot;sdfdsf&quot;,&quot;author&quot;:{&quot;username&quot;:&quot;iamellythedog&quot;,&quot;bio&quot;:null,&quot;image&quot;:&quot;https://static.productionready.io/images/smiley-cyrus.jpg&quot;,&quot;following&quot;:false},&quot;favorited&quot;:false,&quot;favoritesCount&quot;:0}&#10;    {&quot;title&quot;:&quot;#string&quot;,&quot;slug&quot;:&quot;#string&quot;,&quot;body&quot;:&quot;#string&quot;,&quot;tagList&quot;:&quot;#array&quot;,&quot;description&quot;:&quot;#string&quot;,&quot;author&quot;:{&quot;username&quot;:&quot;#string&quot;,&quot;bio&quot;:&quot;##string&quot;,&quot;image&quot;:&quot;#string&quot;,&quot;following&quot;:&quot;#boolean&quot;},&quot;//\&quot;createdAt\&quot;&quot;:&quot;#? isValueTime(_)&quot;,&quot;//\&quot;updatedAt\&quot;&quot;:&quot;#? isValueTime(_)&quot;,&quot;favourited&quot;:&quot;#boolean&quot;,&quot;favouritesCount&quot;:&quot;#number&quot;}&#10;&#10;&#10;classpath:conduitApp/feature/HomePage.feature:38" type="org.opentest4j.AssertionFailedError">org.opentest4j.AssertionFailedError: 
match failed: EACH_EQUALS
  $ | match each failed at index 0 (LIST:MAP)
  [{"title":"sdftrsdf","slug":"sdftrsdf-bl0rhq","body":"sdfsdf","createdAt":"2021-09-06T19:25:27.859Z","updatedAt":"2021-09-06T19:25:27.859Z","tagList":["sdfsdfdsf"],"description":"sdfdsf","author":{"username":"iamellythedog","bio":null,"image":"https://static.productionready.io/images/smiley-cyrus.jpg","following":false},"favorited":false,"favoritesCount":0},{"title":"a","slug":"a-hlyf1l","body":"d","createdAt":"2021-09-06T19:22:54.644Z","updatedAt":"2021-09-06T19:22:54.644Z","tagList":["a"],"description":"s","author":{"username":"iamellythedog","bio":null,"image":"https://static.productionready.io/images/smiley-cyrus.jpg","following":false},"favorited":false,"favoritesCount":0},{"title":"asd","slug":"asd-mz87j2","body":"asdasd","createdAt":"2021-09-06T19:22:24.252Z","updatedAt":"2021-09-06T19:22:24.252Z","tagList":["asdasd"],"description":"asdasd","author":{"username":"iamellythedog","bio":null,"image":"https://static.productionready.io/images/smiley-cyrus.jpg","following":false},"favorited":false,"favoritesCount":0},{"title":"Grupo Primo","slug":"grupo-primo-4h3h7j","body":"Follow @thiago.nigro on Instagram","createdAt":"2021-09-06T19:15:42.253Z","updatedAt":"2021-09-06T19:15:42.253Z","tagList":[],"description":"Best investment and entrepreneur content","author":{"username":"Grupo Primo","bio":null,"image":"https://static.productionready.io/images/smiley-cyrus.jpg","following":false},"favorited":false,"favoritesCount":0},{"title":"someArticle","slug":"somearticle-j3ffee","body":"TEst","createdAt":"2021-09-06T19:11:17.080Z","updatedAt":"2021-09-06T19:11:17.080Z","tagList":[],"description":"Test","author":{"username":"SilverRings","bio":null,"image":"https://static.productionready.io/images/smiley-cyrus.jpg","following":false},"favorited":false,"favoritesCount":0},{"title":"Raynald Westerling","slug":"raynald-westerling-1euuah","body":"Fear cuts deeper than swords.","createdAt":"2021-09-06T19:05:30.346Z","updatedAt":"2021-09-06T19:05:30.346Z","tagList":[],"description":"Myr","author":{"username":"dev112my","bio":null,"image":"https://static.productionready.io/images/smiley-cyrus.jpg","following":false},"favorited":false,"favoritesCount":0},{"title":"someArticle","slug":"somearticle-wnb1cf","body":"TEst","createdAt":"2021-09-06T19:02:31.633Z","updatedAt":"2021-09-06T19:02:31.633Z","tagList":[],"description":"Test","author":{"username":"SilverRings","bio":null,"image":"https://static.productionready.io/images/smiley-cyrus.jpg","following":false},"favorited":false,"favoritesCount":0},{"title":"someArticle","slug":"somearticle-cdkiax","body":"TEst","createdAt":"2021-09-06T19:00:13.887Z","updatedAt":"2021-09-06T19:00:13.887Z","tagList":[],"description":"Test","author":{"username":"SilverRings","bio":null,"image":"https://static.productionready.io/images/smiley-cyrus.jpg","following":false},"favorited":false,"favoritesCount":0},{"title":"someArticle","slug":"somearticle-ql7gif","body":"TEst","createdAt":"2021-09-06T18:56:24.528Z","updatedAt":"2021-09-06T18:56:24.528Z","tagList":[],"description":"Test","author":{"username":"SilverRings","bio":null,"image":"https://static.productionready.io/images/smiley-cyrus.jpg","following":false},"favorited":false,"favoritesCount":0},{"title":"someArticle","slug":"somearticle-ju9dy9","body":"TEst","createdAt":"2021-09-06T18:55:05.791Z","updatedAt":"2021-09-06T18:55:05.791Z","tagList":[],"description":"Test","author":{"username":"SilverRings","bio":null,"image":"https://static.productionready.io/images/smiley-cyrus.jpg","following":false},"favorited":false,"favoritesCount":0}]
  {"title":"#string","slug":"#string","body":"#string","//\"createdAt\"":"#? isValueTime(_)","//\"updatedAt\"":"#? isValueTime(_)","tagList":"#array","description":"#string","author":{"username":"#string","bio":"##string","image":"#string","following":"#boolean"},"favourited":"#boolean","favouritesCount":"#number"}

    $[0] | not equal | actual does not contain key - '//"createdAt"' (MAP:MAP)
    {"title":"sdftrsdf","slug":"sdftrsdf-bl0rhq","body":"sdfsdf","createdAt":"2021-09-06T19:25:27.859Z","updatedAt":"2021-09-06T19:25:27.859Z","tagList":["sdfsdfdsf"],"description":"sdfdsf","author":{"username":"iamellythedog","bio":null,"image":"https://static.productionready.io/images/smiley-cyrus.jpg","following":false},"favorited":false,"favoritesCount":0}
    {"title":"#string","slug":"#string","body":"#string","tagList":"#array","description":"#string","author":{"username":"#string","bio":"##string","image":"#string","following":"#boolean"},"//\"createdAt\"":"#? isValueTime(_)","//\"updatedAt\"":"#? isValueTime(_)","favourited":"#boolean","favouritesCount":"#number"}


classpath:conduitApp/feature/HomePage.feature:38
</failure>
    <system-out><![CDATA[20:39:57.118 [main] INFO  com.intuit.karate - karate.env system property was: null 
20:39:57.155 [main] DEBUG com.intuit.karate - request:
1 > GET http://conduit.productionready.io/api/articles?offset=0&limit=10
1 > Host: conduit.productionready.io
1 > Connection: Keep-Alive
1 > User-Agent: Apache-HttpClient/4.5.13 (Java/1.8.0_291)
1 > Accept-Encoding: gzip,deflate


20:40:08.501 [main] DEBUG com.intuit.karate - response time in milliseconds: 11345
1 < 200
1 < Date: Mon, 06 Sep 2021 19:40:08 GMT
1 < Content-Type: application/json; charset=utf-8
1 < Connection: keep-alive
1 < cache-control: max-age=0, private, must-revalidate
1 < etag: W/"7005c356d7e6b6adea4b1f1872178458"
1 < status: 200 OK
1 < vary: Origin
1 < x-content-type-options: nosniff
1 < x-frame-options: SAMEORIGIN
1 < x-powered-by: Phusion Passenger 4.0.60
1 < x-request-id: b7cfacb0-f773-47fe-9943-79f1066dd3d8
1 < x-runtime: 10.657030
1 < x-xss-protection: 1; mode=block
1 < CF-Cache-Status: DYNAMIC
1 < Report-To: {"endpoints":[{"url":"https:\/\/a.nel.cloudflare.com\/report\/v3?s=bcYbGUdDuE2CDxRRuVEggV44Gjx73Ovd9IjKty5TdLMAjQjHy9NEXwBIAiyBU9QBn0khYPQonp%2BKu6gtXf5EeCyKoknhBj36R%2Fa7tVRcTmZARfWJ6q7O82XgCgpRIeUoLxkP8X5HVQC3gp8HUA%3D%3D"}],"group":"cf-nel","max_age":604800}
1 < NEL: {"success_fraction":0,"report_to":"cf-nel","max_age":604800}
1 < Server: cloudflare
1 < CF-RAY: 68aa2a927ab05469-LHR
1 < alt-svc: h3=":443"; ma=86400, h3-29=":443"; ma=86400, h3-28=":443"; ma=86400, h3-27=":443"; ma=86400
{"articles":[{"title":"sdftrsdf","slug":"sdftrsdf-bl0rhq","body":"sdfsdf","createdAt":"2021-09-06T19:25:27.859Z","updatedAt":"2021-09-06T19:25:27.859Z","tagList":["sdfsdfdsf"],"description":"sdfdsf","author":{"username":"iamellythedog","bio":null,"image":"https://static.productionready.io/images/smiley-cyrus.jpg","following":false},"favorited":false,"favoritesCount":0},{"title":"a","slug":"a-hlyf1l","body":"d","createdAt":"2021-09-06T19:22:54.644Z","updatedAt":"2021-09-06T19:22:54.644Z","tagList":["a"],"description":"s","author":{"username":"iamellythedog","bio":null,"image":"https://static.productionready.io/images/smiley-cyrus.jpg","following":false},"favorited":false,"favoritesCount":0},{"title":"asd","slug":"asd-mz87j2","body":"asdasd","createdAt":"2021-09-06T19:22:24.252Z","updatedAt":"2021-09-06T19:22:24.252Z","tagList":["asdasd"],"description":"asdasd","author":{"username":"iamellythedog","bio":null,"image":"https://static.productionready.io/images/smiley-cyrus.jpg","following":false},"favorited":false,"favoritesCount":0},{"title":"Grupo Primo","slug":"grupo-primo-4h3h7j","body":"Follow @thiago.nigro on Instagram","createdAt":"2021-09-06T19:15:42.253Z","updatedAt":"2021-09-06T19:15:42.253Z","tagList":[],"description":"Best investment and entrepreneur content","author":{"username":"Grupo Primo","bio":null,"image":"https://static.productionready.io/images/smiley-cyrus.jpg","following":false},"favorited":false,"favoritesCount":0},{"title":"someArticle","slug":"somearticle-j3ffee","body":"TEst","createdAt":"2021-09-06T19:11:17.080Z","updatedAt":"2021-09-06T19:11:17.080Z","tagList":[],"description":"Test","author":{"username":"SilverRings","bio":null,"image":"https://static.productionready.io/images/smiley-cyrus.jpg","following":false},"favorited":false,"favoritesCount":0},{"title":"Raynald Westerling","slug":"raynald-westerling-1euuah","body":"Fear cuts deeper than swords.","createdAt":"2021-09-06T19:05:30.346Z","updatedAt":"2021-09-06T19:05:30.346Z","tagList":[],"description":"Myr","author":{"username":"dev112my","bio":null,"image":"https://static.productionready.io/images/smiley-cyrus.jpg","following":false},"favorited":false,"favoritesCount":0},{"title":"someArticle","slug":"somearticle-wnb1cf","body":"TEst","createdAt":"2021-09-06T19:02:31.633Z","updatedAt":"2021-09-06T19:02:31.633Z","tagList":[],"description":"Test","author":{"username":"SilverRings","bio":null,"image":"https://static.productionready.io/images/smiley-cyrus.jpg","following":false},"favorited":false,"favoritesCount":0},{"title":"someArticle","slug":"somearticle-cdkiax","body":"TEst","createdAt":"2021-09-06T19:00:13.887Z","updatedAt":"2021-09-06T19:00:13.887Z","tagList":[],"description":"Test","author":{"username":"SilverRings","bio":null,"image":"https://static.productionready.io/images/smiley-cyrus.jpg","following":false},"favorited":false,"favoritesCount":0},{"title":"someArticle","slug":"somearticle-ql7gif","body":"TEst","createdAt":"2021-09-06T18:56:24.528Z","updatedAt":"2021-09-06T18:56:24.528Z","tagList":[],"description":"Test","author":{"username":"SilverRings","bio":null,"image":"https://static.productionready.io/images/smiley-cyrus.jpg","following":false},"favorited":false,"favoritesCount":0},{"title":"someArticle","slug":"somearticle-ju9dy9","body":"TEst","createdAt":"2021-09-06T18:55:05.791Z","updatedAt":"2021-09-06T18:55:05.791Z","tagList":[],"description":"Test","author":{"username":"SilverRings","bio":null,"image":"https://static.productionready.io/images/smiley-cyrus.jpg","following":false},"favorited":false,"favoritesCount":0}],"articlesCount":500}
20:40:08.584 [main] ERROR com.intuit.karate - classpath:conduitApp/feature/HomePage.feature:38
And match each response.articles ==
"""
{
    "title":"#string",
    "slug":"#string",
    "body":"#string",
    //"createdAt":"#? isValueTime(_)",
    //"updatedAt":"#? isValueTime(_)",
    "tagList":"#array",
    "description":"#string",
    "author":
    {
        "username":"#string",
        "bio":"##string",
        "image":"#string",
        "following":"#boolean"
    },
    "favourited":"#boolean",
    "favouritesCount":"#number",
}
"""
match failed: EACH_EQUALS
  $ | match each failed at index 0 (LIST:MAP)
  [{"title":"sdftrsdf","slug":"sdftrsdf-bl0rhq","body":"sdfsdf","createdAt":"2021-09-06T19:25:27.859Z","updatedAt":"2021-09-06T19:25:27.859Z","tagList":["sdfsdfdsf"],"description":"sdfdsf","author":{"username":"iamellythedog","bio":null,"image":"https://static.productionready.io/images/smiley-cyrus.jpg","following":false},"favorited":false,"favoritesCount":0},{"title":"a","slug":"a-hlyf1l","body":"d","createdAt":"2021-09-06T19:22:54.644Z","updatedAt":"2021-09-06T19:22:54.644Z","tagList":["a"],"description":"s","author":{"username":"iamellythedog","bio":null,"image":"https://static.productionready.io/images/smiley-cyrus.jpg","following":false},"favorited":false,"favoritesCount":0},{"title":"asd","slug":"asd-mz87j2","body":"asdasd","createdAt":"2021-09-06T19:22:24.252Z","updatedAt":"2021-09-06T19:22:24.252Z","tagList":["asdasd"],"description":"asdasd","author":{"username":"iamellythedog","bio":null,"image":"https://static.productionready.io/images/smiley-cyrus.jpg","following":false},"favorited":false,"favoritesCount":0},{"title":"Grupo Primo","slug":"grupo-primo-4h3h7j","body":"Follow @thiago.nigro on Instagram","createdAt":"2021-09-06T19:15:42.253Z","updatedAt":"2021-09-06T19:15:42.253Z","tagList":[],"description":"Best investment and entrepreneur content","author":{"username":"Grupo Primo","bio":null,"image":"https://static.productionready.io/images/smiley-cyrus.jpg","following":false},"favorited":false,"favoritesCount":0},{"title":"someArticle","slug":"somearticle-j3ffee","body":"TEst","createdAt":"2021-09-06T19:11:17.080Z","updatedAt":"2021-09-06T19:11:17.080Z","tagList":[],"description":"Test","author":{"username":"SilverRings","bio":null,"image":"https://static.productionready.io/images/smiley-cyrus.jpg","following":false},"favorited":false,"favoritesCount":0},{"title":"Raynald Westerling","slug":"raynald-westerling-1euuah","body":"Fear cuts deeper than swords.","createdAt":"2021-09-06T19:05:30.346Z","updatedAt":"2021-09-06T19:05:30.346Z","tagList":[],"description":"Myr","author":{"username":"dev112my","bio":null,"image":"https://static.productionready.io/images/smiley-cyrus.jpg","following":false},"favorited":false,"favoritesCount":0},{"title":"someArticle","slug":"somearticle-wnb1cf","body":"TEst","createdAt":"2021-09-06T19:02:31.633Z","updatedAt":"2021-09-06T19:02:31.633Z","tagList":[],"description":"Test","author":{"username":"SilverRings","bio":null,"image":"https://static.productionready.io/images/smiley-cyrus.jpg","following":false},"favorited":false,"favoritesCount":0},{"title":"someArticle","slug":"somearticle-cdkiax","body":"TEst","createdAt":"2021-09-06T19:00:13.887Z","updatedAt":"2021-09-06T19:00:13.887Z","tagList":[],"description":"Test","author":{"username":"SilverRings","bio":null,"image":"https://static.productionready.io/images/smiley-cyrus.jpg","following":false},"favorited":false,"favoritesCount":0},{"title":"someArticle","slug":"somearticle-ql7gif","body":"TEst","createdAt":"2021-09-06T18:56:24.528Z","updatedAt":"2021-09-06T18:56:24.528Z","tagList":[],"description":"Test","author":{"username":"SilverRings","bio":null,"image":"https://static.productionready.io/images/smiley-cyrus.jpg","following":false},"favorited":false,"favoritesCount":0},{"title":"someArticle","slug":"somearticle-ju9dy9","body":"TEst","createdAt":"2021-09-06T18:55:05.791Z","updatedAt":"2021-09-06T18:55:05.791Z","tagList":[],"description":"Test","author":{"username":"SilverRings","bio":null,"image":"https://static.productionready.io/images/smiley-cyrus.jpg","following":false},"favorited":false,"favoritesCount":0}]
  {"title":"#string","slug":"#string","body":"#string","//\"createdAt\"":"#? isValueTime(_)","//\"updatedAt\"":"#? isValueTime(_)","tagList":"#array","description":"#string","author":{"username":"#string","bio":"##string","image":"#string","following":"#boolean"},"favourited":"#boolean","favouritesCount":"#number"}

    $[0] | not equal | actual does not contain key - '//"createdAt"' (MAP:MAP)
    {"title":"sdftrsdf","slug":"sdftrsdf-bl0rhq","body":"sdfsdf","createdAt":"2021-09-06T19:25:27.859Z","updatedAt":"2021-09-06T19:25:27.859Z","tagList":["sdfsdfdsf"],"description":"sdfdsf","author":{"username":"iamellythedog","bio":null,"image":"https://static.productionready.io/images/smiley-cyrus.jpg","following":false},"favorited":false,"favoritesCount":0}
    {"title":"#string","slug":"#string","body":"#string","tagList":"#array","description":"#string","author":{"username":"#string","bio":"##string","image":"#string","following":"#boolean"},"//\"createdAt\"":"#? isValueTime(_)","//\"updatedAt\"":"#? isValueTime(_)","favourited":"#boolean","favouritesCount":"#number"}


classpath:conduitApp/feature/HomePage.feature:38
---------------------------------------------------------
feature: classpath:conduitApp/feature/HomePage.feature
scenarios:  2 | passed:  0 | failed:  2 | time: 44.5238
---------------------------------------------------------

Karate version: 1.1.0
======================================================
elapsed:  50.17 | threads:    1 | thread time: 44.52 
features:     1 | skipped:    0 | efficiency: 0.89
scenarios:    2 | passed:     0 | failed: 2
======================================================
>>> failed features:
http call failed after 30029 milliseconds for url: http://conduit.productionready.io/api/tags
classpath:conduitApp/feature/HomePage.feature:10
match failed: EACH_EQUALS
  $ | match each failed at index 0 (LIST:MAP)
  [{"title":"sdftrsdf","slug":"sdftrsdf-bl0rhq","body":"sdfsdf","createdAt":"2021-09-06T19:25:27.859Z","updatedAt":"2021-09-06T19:25:27.859Z","tagList":["sdfsdfdsf"],"description":"sdfdsf","author":{"username":"iamellythedog","bio":null,"image":"https://static.productionready.io/images/smiley-cyrus.jpg","following":false},"favorited":false,"favoritesCount":0},{"title":"a","slug":"a-hlyf1l","body":"d","createdAt":"2021-09-06T19:22:54.644Z","updatedAt":"2021-09-06T19:22:54.644Z","tagList":["a"],"description":"s","author":{"username":"iamellythedog","bio":null,"image":"https://static.productionready.io/images/smiley-cyrus.jpg","following":false},"favorited":false,"favoritesCount":0},{"title":"asd","slug":"asd-mz87j2","body":"asdasd","createdAt":"2021-09-06T19:22:24.252Z","updatedAt":"2021-09-06T19:22:24.252Z","tagList":["asdasd"],"description":"asdasd","author":{"username":"iamellythedog","bio":null,"image":"https://static.productionready.io/images/smiley-cyrus.jpg","following":false},"favorited":false,"favoritesCount":0},{"title":"Grupo Primo","slug":"grupo-primo-4h3h7j","body":"Follow @thiago.nigro on Instagram","createdAt":"2021-09-06T19:15:42.253Z","updatedAt":"2021-09-06T19:15:42.253Z","tagList":[],"description":"Best investment and entrepreneur content","author":{"username":"Grupo Primo","bio":null,"image":"https://static.productionready.io/images/smiley-cyrus.jpg","following":false},"favorited":false,"favoritesCount":0},{"title":"someArticle","slug":"somearticle-j3ffee","body":"TEst","createdAt":"2021-09-06T19:11:17.080Z","updatedAt":"2021-09-06T19:11:17.080Z","tagList":[],"description":"Test","author":{"username":"SilverRings","bio":null,"image":"https://static.productionready.io/images/smiley-cyrus.jpg","following":false},"favorited":false,"favoritesCount":0},{"title":"Raynald Westerling","slug":"raynald-westerling-1euuah","body":"Fear cuts deeper than swords.","createdAt":"2021-09-06T19:05:30.346Z","updatedAt":"2021-09-06T19:05:30.346Z","tagList":[],"description":"Myr","author":{"username":"dev112my","bio":null,"image":"https://static.productionready.io/images/smiley-cyrus.jpg","following":false},"favorited":false,"favoritesCount":0},{"title":"someArticle","slug":"somearticle-wnb1cf","body":"TEst","createdAt":"2021-09-06T19:02:31.633Z","updatedAt":"2021-09-06T19:02:31.633Z","tagList":[],"description":"Test","author":{"username":"SilverRings","bio":null,"image":"https://static.productionready.io/images/smiley-cyrus.jpg","following":false},"favorited":false,"favoritesCount":0},{"title":"someArticle","slug":"somearticle-cdkiax","body":"TEst","createdAt":"2021-09-06T19:00:13.887Z","updatedAt":"2021-09-06T19:00:13.887Z","tagList":[],"description":"Test","author":{"username":"SilverRings","bio":null,"image":"https://static.productionready.io/images/smiley-cyrus.jpg","following":false},"favorited":false,"favoritesCount":0},{"title":"someArticle","slug":"somearticle-ql7gif","body":"TEst","createdAt":"2021-09-06T18:56:24.528Z","updatedAt":"2021-09-06T18:56:24.528Z","tagList":[],"description":"Test","author":{"username":"SilverRings","bio":null,"image":"https://static.productionready.io/images/smiley-cyrus.jpg","following":false},"favorited":false,"favoritesCount":0},{"title":"someArticle","slug":"somearticle-ju9dy9","body":"TEst","createdAt":"2021-09-06T18:55:05.791Z","updatedAt":"2021-09-06T18:55:05.791Z","tagList":[],"description":"Test","author":{"username":"SilverRings","bio":null,"image":"https://static.productionready.io/images/smiley-cyrus.jpg","following":false},"favorited":false,"favoritesCount":0}]
  {"title":"#string","slug":"#string","body":"#string","//\"createdAt\"":"#? isValueTime(_)","//\"updatedAt\"":"#? isValueTime(_)","tagList":"#array","description":"#string","author":{"username":"#string","bio":"##string","image":"#string","following":"#boolean"},"favourited":"#boolean","favouritesCount":"#number"}

    $[0] | not equal | actual does not contain key - '//"createdAt"' (MAP:MAP)
    {"title":"sdftrsdf","slug":"sdftrsdf-bl0rhq","body":"sdfsdf","createdAt":"2021-09-06T19:25:27.859Z","updatedAt":"2021-09-06T19:25:27.859Z","tagList":["sdfsdfdsf"],"description":"sdfdsf","author":{"username":"iamellythedog","bio":null,"image":"https://static.productionready.io/images/smiley-cyrus.jpg","following":false},"favorited":false,"favoritesCount":0}
    {"title":"#string","slug":"#string","body":"#string","tagList":"#array","description":"#string","author":{"username":"#string","bio":"##string","image":"#string","following":"#boolean"},"//\"createdAt\"":"#? isValueTime(_)","//\"updatedAt\"":"#? isValueTime(_)","favourited":"#boolean","favouritesCount":"#number"}


classpath:conduitApp/feature/HomePage.feature:38
<<<

HTML report: (paste into browser to view) | Karate version: 1.1.0
file:///C:/Users/diarmuid.healy/OneDrive%20-%20Accenture/Desktop/KarateGit/Udemy/myproject/target/karate-reports/karate-summary.html
===================================================================

]]></system-out>
  </testcase>
</testsuite>